[debug] [2022-09-15T16:19:41.147Z] ----------------------------------------------------------------------
[debug] [2022-09-15T16:19:41.148Z] Command:       C:\Program Files\nodejs\node.exe C:\Users\jpaquila\AppData\Roaming\npm\node_modules\firebase-tools\lib\bin\firebase.js init
[debug] [2022-09-15T16:19:41.149Z] CLI Version:   11.9.0
[debug] [2022-09-15T16:19:41.149Z] Platform:      win32
[debug] [2022-09-15T16:19:41.149Z] Node Version:  v16.16.0
[debug] [2022-09-15T16:19:41.149Z] Time:          Thu Sep 15 2022 13:19:41 GMT-0300 (hora estándar de Argentina)
[debug] [2022-09-15T16:19:41.149Z] ----------------------------------------------------------------------
[debug] 
[debug] [2022-09-15T16:19:41.153Z] > command requires scopes: ["email","openid","https://www.googleapis.com/auth/cloudplatformprojects.readonly","https://www.googleapis.com/auth/firebase","https://www.googleapis.com/auth/cloud-platform"]
[debug] [2022-09-15T16:19:41.153Z] > authorizing via signed-in user (jpaquila@gmail.com)
[info] 
     ######## #### ########  ######## ########     ###     ######  ########
     ##        ##  ##     ## ##       ##     ##  ##   ##  ##       ##
     ######    ##  ########  ######   ########  #########  ######  ######
     ##        ##  ##    ##  ##       ##     ## ##     ##       ## ##
     ##       #### ##     ## ######## ########  ##     ##  ######  ########

You're about to initialize a Firebase project in this directory:

  D:\CURSOS\PROGRAMACION\CODERHOUSE\REACT JS coderhouse\_PROYECTO\react-libreria-aquila

[info] 
=== Project Setup
[info] 
[info] First, let's associate this project directory with a Firebase project.
[info] You can create multiple project aliases by running firebase use --add, 
[info] but for now we'll just set up a default project.
[info] 
[debug] [2022-09-15T16:20:07.614Z] >>> [apiv2][query] GET https://firebase.googleapis.com/v1beta1/projects pageSize=100
[debug] [2022-09-15T16:20:08.185Z] <<< [apiv2][status] GET https://firebase.googleapis.com/v1beta1/projects 200
[debug] [2022-09-15T16:20:08.186Z] <<< [apiv2][body] GET https://firebase.googleapis.com/v1beta1/projects [omitted]
[info] i  Using project react-aquila (React Aquila) 
[info] 
=== Database Setup
[info] i  database: ensuring required API firebasedatabase.googleapis.com is enabled... 
[debug] [2022-09-15T16:20:13.986Z] >>> [apiv2][query] GET https://serviceusage.googleapis.com/v1/projects/react-aquila/services/firebasedatabase.googleapis.com [none]
[debug] [2022-09-15T16:20:15.071Z] <<< [apiv2][status] GET https://serviceusage.googleapis.com/v1/projects/react-aquila/services/firebasedatabase.googleapis.com 200
[debug] [2022-09-15T16:20:15.071Z] <<< [apiv2][body] GET https://serviceusage.googleapis.com/v1/projects/react-aquila/services/firebasedatabase.googleapis.com [omitted]
[warn] !  database: missing required API firebasedatabase.googleapis.com. Enabling now... 
[debug] [2022-09-15T16:20:15.071Z] >>> [apiv2][query] POST https://serviceusage.googleapis.com/v1/projects/react-aquila/services/firebasedatabase.googleapis.com:enable [none]
[debug] [2022-09-15T16:20:16.637Z] <<< [apiv2][status] POST https://serviceusage.googleapis.com/v1/projects/react-aquila/services/firebasedatabase.googleapis.com:enable 200
[debug] [2022-09-15T16:20:16.637Z] <<< [apiv2][body] POST https://serviceusage.googleapis.com/v1/projects/react-aquila/services/firebasedatabase.googleapis.com:enable [omitted]
[debug] [2022-09-15T16:20:26.645Z] >>> [apiv2][query] GET https://serviceusage.googleapis.com/v1/projects/react-aquila/services/firebasedatabase.googleapis.com [none]
[debug] [2022-09-15T16:20:27.671Z] <<< [apiv2][status] GET https://serviceusage.googleapis.com/v1/projects/react-aquila/services/firebasedatabase.googleapis.com 200
[debug] [2022-09-15T16:20:27.671Z] <<< [apiv2][body] GET https://serviceusage.googleapis.com/v1/projects/react-aquila/services/firebasedatabase.googleapis.com [omitted]
[info] +  database: required API firebasedatabase.googleapis.com is enabled 
[info] 
[debug] [2022-09-15T16:20:27.673Z] >>> [apiv2][query] GET https://firebase.googleapis.com/v1beta1/projects/react-aquila [none]
[debug] [2022-09-15T16:20:28.075Z] <<< [apiv2][status] GET https://firebase.googleapis.com/v1beta1/projects/react-aquila 200
[debug] [2022-09-15T16:20:28.075Z] <<< [apiv2][body] GET https://firebase.googleapis.com/v1beta1/projects/react-aquila {"projectId":"react-aquila","projectNumber":"895932171381","displayName":"React Aquila","name":"projects/react-aquila","resources":{"hostingSite":"react-aquila","storageBucket":"react-aquila.appspot.com","locationId":"us-central"},"state":"ACTIVE","etag":"1_a83cd2b3-f695-41d3-b162-123b93d0a7a9"}
[debug] [2022-09-15T21:16:52.101Z] Error: kill ENOSYS
    at process.kill (node:internal/process/per_thread:220:13)
    at process.listener (C:\Users\jpaquila\AppData\Roaming\npm\node_modules\firebase-tools\node_modules\signal-exit\index.js:95:15)
    at process.emit (node:events:527:28)
[error] 
[error] Error: An unexpected error has occurred.
